<?xml version="1.0" encoding="UTF-8"?>
<!-- Generated by org.testng.reporters.JUnitXMLReporter -->
<testsuite hostname="Inboundsys-Mac-Dhanalakshmi.local" ignored="0" name="Test" tests="4" failures="0" timestamp="26 Oct 2018 09:23:18 GMT" time="24.876" errors="0">
  <testcase name="loginverifyTest" time="0.765" classname="com.hubspotcrm.Testcases.LoginPageTest"/>
  <testcase name="verifyPasswordTest" time="0.666" classname="com.hubspotcrm.Testcases.LoginPageTest"/>
  <testcase name="verifyLinksTest" time="0.19" classname="com.hubspotcrm.Testcases.LoginPageTest"/>
  <testcase name="verifyErrormessageTest" time="1.518" classname="com.hubspotcrm.Testcases.LoginPageTest"/>
</testsuite> <!-- Test -->
