<?xml version="1.0" encoding="UTF-8"?>
<!-- Generated by org.testng.reporters.JUnitXMLReporter -->
<testsuite hostname="Inboundsys-Mac-Dhanalakshmi.local" ignored="0" name="HomePageTestchrome" tests="5" failures="0" timestamp="29 Oct 2018 11:56:54 GMT" time="0.142" errors="0">
  <testcase name="@BeforeMethod setup" time="0.005" classname="com.hubspotcrm.Testcases.HomePageTest">
    <failure type="java.lang.NullPointerException">
      <![CDATA[java.lang.NullPointerException
at com.hubspotcrm.base.TestBase.initialization(TestBase.java:43)
at com.hubspotcrm.Testcases.HomePageTest.setup(HomePageTest.java:26)
at java.util.concurrent.ThreadPoolExecutor.runWorker(ThreadPoolExecutor.java:1142)
at java.util.concurrent.ThreadPoolExecutor$Worker.run(ThreadPoolExecutor.java:617)
at java.lang.Thread.run(Thread.java:745)
... Removed 13 stack frames]]>
    </failure>
  </testcase> <!-- @BeforeMethod setup -->
  <testcase name="@AfterMethod tearDown" time="0.0" classname="com.hubspotcrm.Testcases.HomePageTest">
    <skipped/>
  </testcase> <!-- @AfterMethod tearDown -->
  <testcase name="@BeforeMethod setup" time="0.0" classname="com.hubspotcrm.Testcases.HomePageTest">
    <skipped/>
  </testcase> <!-- @BeforeMethod setup -->
  <testcase name="@AfterMethod tearDown" time="0.0" classname="com.hubspotcrm.Testcases.HomePageTest">
    <skipped/>
  </testcase> <!-- @AfterMethod tearDown -->
  <testcase name="@BeforeMethod setup" time="0.0" classname="com.hubspotcrm.Testcases.HomePageTest">
    <skipped/>
  </testcase> <!-- @BeforeMethod setup -->
  <testcase name="@AfterMethod tearDown" time="0.0" classname="com.hubspotcrm.Testcases.HomePageTest">
    <skipped/>
  </testcase> <!-- @AfterMethod tearDown -->
  <testcase name="@BeforeMethod setup" time="0.0" classname="com.hubspotcrm.Testcases.HomePageTest">
    <skipped/>
  </testcase> <!-- @BeforeMethod setup -->
  <testcase name="@AfterMethod tearDown" time="0.0" classname="com.hubspotcrm.Testcases.HomePageTest">
    <skipped/>
  </testcase> <!-- @AfterMethod tearDown -->
  <testcase name="@BeforeMethod setup" time="0.0" classname="com.hubspotcrm.Testcases.HomePageTest">
    <skipped/>
  </testcase> <!-- @BeforeMethod setup -->
  <testcase name="@AfterMethod tearDown" time="0.0" classname="com.hubspotcrm.Testcases.HomePageTest">
    <skipped/>
  </testcase> <!-- @AfterMethod tearDown -->
  <testcase name="verifyloggedusername" time="0.0" classname="com.hubspotcrm.Testcases.HomePageTest">
    <skipped/>
  </testcase> <!-- verifyloggedusername -->
  <testcase name="verifylogourlTest" time="0.0" classname="com.hubspotcrm.Testcases.HomePageTest">
    <skipped/>
  </testcase> <!-- verifylogourlTest -->
  <testcase name="verifycontacturlTest" time="0.0" classname="com.hubspotcrm.Testcases.HomePageTest">
    <skipped/>
  </testcase> <!-- verifycontacturlTest -->
  <testcase name="verifycompaniesurlTest" time="0.0" classname="com.hubspotcrm.Testcases.HomePageTest">
    <skipped/>
  </testcase> <!-- verifycompaniesurlTest -->
  <testcase name="verifyactivityurlTest" time="0.0" classname="com.hubspotcrm.Testcases.HomePageTest">
    <skipped/>
  </testcase> <!-- verifyactivityurlTest -->
</testsuite> <!-- HomePageTestchrome -->
