<?xml version="1.0" encoding="UTF-8"?>
<!-- Generated by org.testng.reporters.JUnitXMLReporter -->
<testsuite hostname="Inboundsys-Mac-Dhanalakshmi.local" ignored="0" name="homepage" tests="5" failures="3" timestamp="13 Nov 2018 05:39:34 GMT" time="107.299" errors="0">
  <testcase name="verifyloggedusername" time="11.418" classname="com.hubspotcrm.Testcases.HomePageTest"/>
  <testcase name="verifylogourlTest" time="10.216" classname="com.hubspotcrm.Testcases.HomePageTest">
    <failure type="java.lang.AssertionError" message="expected [https://app.hubspot.com/reports-dashboard/5068902/sales] but found [https://app.hubspot.com/reports-dashboard/5068902/view]">
      <![CDATA[java.lang.AssertionError: expected [https://app.hubspot.com/reports-dashboard/5068902/sales] but found [https://app.hubspot.com/reports-dashboard/5068902/view]
at com.hubspotcrm.Testcases.HomePageTest.verifylogourlTest(HomePageTest.java:44)
... Removed 31 stack frames]]>
    </failure>
  </testcase> <!-- verifylogourlTest -->
  <testcase name="verifycontacturlTest" time="14.049" classname="com.hubspotcrm.Testcases.HomePageTest">
    <failure type="java.lang.AssertionError" message="expected [https://app.hubspot.com/contacts/5068902/contacts/list/view/all/?] but found [https://app.hubspot.com/contacts/5068902/contacts]">
      <![CDATA[java.lang.AssertionError: expected [https://app.hubspot.com/contacts/5068902/contacts/list/view/all/?] but found [https://app.hubspot.com/contacts/5068902/contacts]
at com.hubspotcrm.Testcases.HomePageTest.verifycontacturlTest(HomePageTest.java:49)
... Removed 31 stack frames]]>
    </failure>
  </testcase> <!-- verifycontacturlTest -->
  <testcase name="verifycompaniesurlTest" time="11.623" classname="com.hubspotcrm.Testcases.HomePageTest"/>
  <testcase name="verifyactivityurlTest" time="16.714" classname="com.hubspotcrm.Testcases.HomePageTest">
    <failure type="java.lang.AssertionError" message="expected [https://app.hubspot.com/activity-feed/5068902/view] but found [https://app.hubspot.com/reports-dashboard/5068902/sales]">
      <![CDATA[java.lang.AssertionError: expected [https://app.hubspot.com/activity-feed/5068902/view] but found [https://app.hubspot.com/reports-dashboard/5068902/sales]
at com.hubspotcrm.Testcases.HomePageTest.verifyactivityurlTest(HomePageTest.java:59)
... Removed 31 stack frames]]>
    </failure>
  </testcase> <!-- verifyactivityurlTest -->
</testsuite> <!-- homepage -->
