<?xml version="1.0" encoding="UTF-8"?>
<!-- Generated by org.testng.reporters.JUnitXMLReporter -->
<testsuite hostname="Inboundsys-Mac-Dhanalakshmi.local" ignored="0" name="HomePageTest" tests="4" failures="2" timestamp="29 Oct 2018 06:01:24 GMT" time="65.621" errors="0">
  <testcase name="verifyactivityurlTest" time="10.262" classname="com.hubspotcrm.Testcases.HomePageTest"/>
  <testcase name="verifycompaniesurlTest" time="10.28" classname="com.hubspotcrm.Testcases.HomePageTest"/>
  <testcase name="verifycontacturlTest" time="10.552" classname="com.hubspotcrm.Testcases.HomePageTest">
    <failure type="java.lang.AssertionError" message="expected [https://app.hubspot.com/contacts/5068902/contacts/list/view/all/?] but found [https://app.hubspot.com/contacts/5068902/contacts]">
      <![CDATA[java.lang.AssertionError: expected [https://app.hubspot.com/contacts/5068902/contacts/list/view/all/?] but found [https://app.hubspot.com/contacts/5068902/contacts]
at com.hubspotcrm.Testcases.HomePageTest.verifycontacturlTest(HomePageTest.java:41)
at java.util.concurrent.FutureTask.run(FutureTask.java:266)
at java.util.concurrent.ThreadPoolExecutor.runWorker(ThreadPoolExecutor.java:1142)
at java.util.concurrent.ThreadPoolExecutor$Worker.run(ThreadPoolExecutor.java:617)
at java.lang.Thread.run(Thread.java:745)
... Removed 22 stack frames]]>
    </failure>
  </testcase> <!-- verifycontacturlTest -->
  <testcase name="verifylogourlTest" time="8.846" classname="com.hubspotcrm.Testcases.HomePageTest">
    <failure type="java.lang.AssertionError" message="expected [https://app.hubspot.com/reports-dashboard/5068902] but found [https://app.hubspot.com/reports-dashboard/5068902/view]">
      <![CDATA[java.lang.AssertionError: expected [https://app.hubspot.com/reports-dashboard/5068902] but found [https://app.hubspot.com/reports-dashboard/5068902/view]
at com.hubspotcrm.Testcases.HomePageTest.verifylogourlTest(HomePageTest.java:36)
at java.util.concurrent.FutureTask.run(FutureTask.java:266)
at java.util.concurrent.ThreadPoolExecutor.runWorker(ThreadPoolExecutor.java:1142)
at java.util.concurrent.ThreadPoolExecutor$Worker.run(ThreadPoolExecutor.java:617)
at java.lang.Thread.run(Thread.java:745)
... Removed 22 stack frames]]>
    </failure>
  </testcase> <!-- verifylogourlTest -->
</testsuite> <!-- HomePageTest -->
