<?xml version="1.0" encoding="UTF-8"?>
<!-- Generated by org.testng.reporters.JUnitXMLReporter -->
<testsuite hostname="Inboundsys-Mac-Dhanalakshmi.local" ignored="0" name="loginpage" tests="4" failures="0" timestamp="13 Nov 2018 07:21:53 GMT" time="0.12" errors="0">
  <testcase name="@BeforeMethod setup" time="0.014" classname="com.hubspotcrm.Testcases.LoginPageTest">
    <failure type="java.lang.NullPointerException">
      <![CDATA[java.lang.NullPointerException
at com.hubspotcrm.base.TestBase.initialization(TestBase.java:40)
at com.hubspotcrm.Testcases.LoginPageTest.setup(LoginPageTest.java:30)
... Removed 28 stack frames]]>
    </failure>
  </testcase> <!-- @BeforeMethod setup -->
  <testcase name="@AfterMethod teardown" time="0.0" classname="com.hubspotcrm.Testcases.LoginPageTest">
    <skipped/>
  </testcase> <!-- @AfterMethod teardown -->
  <testcase name="@BeforeMethod setup" time="0.0" classname="com.hubspotcrm.Testcases.LoginPageTest">
    <skipped/>
  </testcase> <!-- @BeforeMethod setup -->
  <testcase name="@AfterMethod teardown" time="0.0" classname="com.hubspotcrm.Testcases.LoginPageTest">
    <skipped/>
  </testcase> <!-- @AfterMethod teardown -->
  <testcase name="@BeforeMethod setup" time="0.0" classname="com.hubspotcrm.Testcases.LoginPageTest">
    <skipped/>
  </testcase> <!-- @BeforeMethod setup -->
  <testcase name="@AfterMethod teardown" time="0.0" classname="com.hubspotcrm.Testcases.LoginPageTest">
    <skipped/>
  </testcase> <!-- @AfterMethod teardown -->
  <testcase name="@BeforeMethod setup" time="0.0" classname="com.hubspotcrm.Testcases.LoginPageTest">
    <skipped/>
  </testcase> <!-- @BeforeMethod setup -->
  <testcase name="@AfterMethod teardown" time="0.0" classname="com.hubspotcrm.Testcases.LoginPageTest">
    <skipped/>
  </testcase> <!-- @AfterMethod teardown -->
  <testcase name="loginverifyTest" time="0.0" classname="com.hubspotcrm.Testcases.LoginPageTest">
    <skipped/>
  </testcase> <!-- loginverifyTest -->
  <testcase name="verifyPasswordTest" time="0.0" classname="com.hubspotcrm.Testcases.LoginPageTest">
    <skipped/>
  </testcase> <!-- verifyPasswordTest -->
  <testcase name="verifyLinksTest" time="0.0" classname="com.hubspotcrm.Testcases.LoginPageTest">
    <skipped/>
  </testcase> <!-- verifyLinksTest -->
  <testcase name="verifyErrormessageTest" time="0.0" classname="com.hubspotcrm.Testcases.LoginPageTest">
    <skipped/>
  </testcase> <!-- verifyErrormessageTest -->
</testsuite> <!-- loginpage -->
