<?xml version="1.0" encoding="UTF-8"?>
<!-- Generated by org.testng.reporters.JUnitXMLReporter -->
<testsuite hostname="Inboundsys-Mac-Dhanalakshmi.local" ignored="0" name="loginPageTestff" tests="4" failures="0" timestamp="29 Oct 2018 11:57:00 GMT" time="0.041" errors="0">
  <testcase name="@BeforeMethod setup" time="0.0" classname="com.hubspotcrm.Testcases.LoginPageTest">
    <failure type="java.lang.NullPointerException">
      <![CDATA[java.lang.NullPointerException
at com.hubspotcrm.base.TestBase.initialization(TestBase.java:43)
at com.hubspotcrm.Testcases.LoginPageTest.setup(LoginPageTest.java:30)
at java.util.concurrent.ThreadPoolExecutor.runWorker(ThreadPoolExecutor.java:1142)
at java.util.concurrent.ThreadPoolExecutor$Worker.run(ThreadPoolExecutor.java:617)
at java.lang.Thread.run(Thread.java:745)
... Removed 13 stack frames]]>
    </failure>
  </testcase> <!-- @BeforeMethod setup -->
  <testcase name="@AfterMethod teardown" time="0.0" classname="com.hubspotcrm.Testcases.LoginPageTest">
    <skipped/>
  </testcase> <!-- @AfterMethod teardown -->
  <testcase name="@BeforeMethod setup" time="0.0" classname="com.hubspotcrm.Testcases.LoginPageTest">
    <skipped/>
  </testcase> <!-- @BeforeMethod setup -->
  <testcase name="@AfterMethod teardown" time="0.0" classname="com.hubspotcrm.Testcases.LoginPageTest">
    <skipped/>
  </testcase> <!-- @AfterMethod teardown -->
  <testcase name="@BeforeMethod setup" time="0.0" classname="com.hubspotcrm.Testcases.LoginPageTest">
    <skipped/>
  </testcase> <!-- @BeforeMethod setup -->
  <testcase name="@AfterMethod teardown" time="0.0" classname="com.hubspotcrm.Testcases.LoginPageTest">
    <skipped/>
  </testcase> <!-- @AfterMethod teardown -->
  <testcase name="@BeforeMethod setup" time="0.0" classname="com.hubspotcrm.Testcases.LoginPageTest">
    <skipped/>
  </testcase> <!-- @BeforeMethod setup -->
  <testcase name="@AfterMethod teardown" time="0.0" classname="com.hubspotcrm.Testcases.LoginPageTest">
    <skipped/>
  </testcase> <!-- @AfterMethod teardown -->
  <testcase name="loginverifyTest" time="0.0" classname="com.hubspotcrm.Testcases.LoginPageTest">
    <skipped/>
  </testcase> <!-- loginverifyTest -->
  <testcase name="verifyPasswordTest" time="0.0" classname="com.hubspotcrm.Testcases.LoginPageTest">
    <skipped/>
  </testcase> <!-- verifyPasswordTest -->
  <testcase name="verifyLinksTest" time="0.0" classname="com.hubspotcrm.Testcases.LoginPageTest">
    <skipped/>
  </testcase> <!-- verifyLinksTest -->
  <testcase name="verifyErrormessageTest" time="0.0" classname="com.hubspotcrm.Testcases.LoginPageTest">
    <skipped/>
  </testcase> <!-- verifyErrormessageTest -->
</testsuite> <!-- loginPageTestff -->
