<?xml version="1.0" encoding="UTF-8"?>
<!-- Generated by org.testng.reporters.JUnitXMLReporter -->
<testsuite hostname="Inboundsys-Mac-Dhanalakshmi.local" ignored="0" name="loginPageTest" tests="4" failures="0" timestamp="29 Oct 2018 05:46:29 GMT" time="24.641" errors="0">
  <testcase name="loginverifyTest" time="1.101" classname="com.hubspotcrm.Testcases.LoginPageTest"/>
  <testcase name="verifyPasswordTest" time="1.346" classname="com.hubspotcrm.Testcases.LoginPageTest"/>
  <testcase name="verifyLinksTest" time="0.353" classname="com.hubspotcrm.Testcases.LoginPageTest"/>
  <testcase name="verifyErrormessageTest" time="1.536" classname="com.hubspotcrm.Testcases.LoginPageTest"/>
</testsuite> <!-- loginPageTest -->
