<?xml version="1.0" encoding="UTF-8"?>
<!-- Generated by org.testng.reporters.JUnitXMLReporter -->
<testsuite hostname="Inboundsys-Mac-Dhanalakshmi.local" ignored="0" name="Test" tests="4" failures="0" timestamp="26 Oct 2018 10:07:24 GMT" time="28.2" errors="0">
  <testcase name="loginverifyTest" time="0.676" classname="com.hubspotcrm.Testcases.LoginPageTest"/>
  <testcase name="verifyPasswordTest" time="0.618" classname="com.hubspotcrm.Testcases.LoginPageTest"/>
  <testcase name="verifyLinksTest" time="0.318" classname="com.hubspotcrm.Testcases.LoginPageTest"/>
  <testcase name="verifyErrormessageTest" time="1.477" classname="com.hubspotcrm.Testcases.LoginPageTest"/>
</testsuite> <!-- Test -->
