<?xml version="1.0" encoding="UTF-8"?>
<testng-results skipped="0" failed="0" ignored="0" total="1" passed="1">
  <reporter-output>
  </reporter-output>
  <suite name="HubspotCrm" duration-ms="19856" started-at="2018-10-29T06:41:01Z" finished-at="2018-10-29T06:41:20Z">
    <groups>
    </groups>
    <test name="HomePageTest" duration-ms="19856" started-at="2018-10-29T06:41:01Z" finished-at="2018-10-29T06:41:20Z">
      <class name="com.hubspotcrm.Testcases.HomePageTest">
        <test-method status="PASS" signature="setup()[pri:0, instance:com.hubspotcrm.Testcases.HomePageTest@31ef45e3]" name="setup" is-config="true" duration-ms="12040" started-at="2018-10-29T06:41:01Z" finished-at="2018-10-29T06:41:13Z">
          <reporter-output>
          </reporter-output>
        </test-method> <!-- setup -->
        <test-method status="PASS" signature="verifyloggedusername()[pri:1, instance:com.hubspotcrm.Testcases.HomePageTest@31ef45e3]" name="verifyloggedusername" duration-ms="7616" started-at="2018-10-29T06:41:13Z" finished-at="2018-10-29T06:41:20Z">
          <reporter-output>
          </reporter-output>
        </test-method> <!-- verifyloggedusername -->
        <test-method status="PASS" signature="tearDown()[pri:0, instance:com.hubspotcrm.Testcases.HomePageTest@31ef45e3]" name="tearDown" is-config="true" duration-ms="143" started-at="2018-10-29T06:41:20Z" finished-at="2018-10-29T06:41:20Z">
          <reporter-output>
          </reporter-output>
        </test-method> <!-- tearDown -->
      </class> <!-- com.hubspotcrm.Testcases.HomePageTest -->
    </test> <!-- HomePageTest -->
  </suite> <!-- HubspotCrm -->
</testng-results>
